<?xml version="1.0" encoding="UTF-8"?>
<!-- Generated by org.testng.reporters.JUnitReportReporter -->
<testsuite hostname="DESKTOP-6F1UH3N" failures="0" tests="1" name="AmazonTest.LoginInWrongNo" time="8.770" errors="0" timestamp="2022-11-06T15:19:11 IST" skipped="0">
  <testcase classname="AmazonTest.LoginInWrongNo" name="TC02" time="8.770"/>
  <system-out/>
</testsuite> <!-- AmazonTest.LoginInWrongNo -->
