<?xml version="1.0" encoding="UTF-8"?>
<!-- Generated by org.testng.reporters.JUnitReportReporter -->
<testsuite hostname="DESKTOP-6F1UH3N" failures="0" tests="1" name="AmazonTest.AddToCart" time="32.424" errors="0" timestamp="2022-11-06T15:17:05 IST" skipped="0">
  <testcase classname="AmazonTest.AddToCart" name="Test01" time="32.424"/>
  <system-out/>
</testsuite> <!-- AmazonTest.AddToCart -->
