<?xml version="1.0" encoding="UTF-8"?>
<!-- Generated by org.testng.reporters.JUnitReportReporter -->
<testsuite hostname="DESKTOP-6F1UH3N" failures="0" tests="1" name="FacebookTest.FbSignupTest" time="10.405" errors="0" timestamp="2022-10-15T23:02:51 IST" skipped="0">
  <testcase classname="FacebookTest.FbSignupTest" name="TC01" time="10.405"/>
  <system-out/>
</testsuite> <!-- FacebookTest.FbSignupTest -->
